batch_then_drain 1024 23
I     905140         0
I     465927         1
I     731004         2
I     568750         3
I     374285         4
I     278578         5
I      32451         6
I     100812         7
I     765910         8
I    1044166         9
I     169153        10
I     781325        11
I     356886        12
I     501297        13
I     535850        14
I     972368        15
I     755547        16
I     667583        17
I     691258        18
I     528788        19
I     808354        20
I     575676        21
I       6696        22
I     286608        23
I     711205        24
I     397890        25
I     351106        26
I     862069        27
I     305836        28
I     886800        29
I     729303        30
I     541800        31
I     102100        32
I     174077        33
I     795323        34
I     118391        35
I     279066        36
I     615619        37
I    1028043        38
I     901101        39
I     871038        40
I     231460        41
I     482785        42
I     670777        43
I     435470        44
I     579901        45
I     632343        46
I     593575        47
I     780832        48
I     336735        49
I     998863        50
I     369665        51
I     385942        52
I     827911        53
I     935969        54
I     505187        55
I       5117        56
I     607777        57
I     567439        58
I     646688        59
I      72271        60
I     129492        61
I     387409        62
I     632391        63
I     176963        64
I     531411        65
I     110550        66
I     459192        67
I     509212        68
I     754495        69
I     739578        70
I     359669        71
I     349484        72
I     384715        73
I     943176        74
I     105720        75
I     608683        76
I     451028        77
I     847126        78
I     838630        79
I     770567        80
I      73797        81
I     792727        82
I     622892        83
I       3209        84
I     744918        85
I     653759        86
I    1009313        87
I      28477        88
I     618853        89
I     201228        90
I     622082        91
I     868906        92
I     340213        93
I     430875        94
I     618022        95
I     363946        96
I     850686        97
I     895801        98
I     802088        99
I     373202       100
I     298747       101
I     161441       102
I     180918       103
I     845092       104
I     215320       105
I     683115       106
I     950046       107
I     880683       108
I     675495       109
I     405509       110
I     635486       111
I     580641       112
I     766259       113
I     156502       114
I      85788       115
I     680354       116
I     737641       117
I     371036       118
I      16608       119
I     383139       120
I     256997       121
I     694529       122
I     453852       123
I     962956       124
I     486117       125
I     560628       126
I     837439       127
I     224245       128
I     868577       129
I     545655       130
I     165337       131
I     145847       132
I     821106       133
I     312794       134
I     221903       135
I     452394       136
I     194278       137
I     701383       138
I     962006       139
I     434426       140
I     190854       141
I     184328       142
I      83717       143
I     251793       144
I     866663       145
I        266       146
I      69689       147
I     223537       148
I     832112       149
I     379052       150
I     844863       151
I      92402       152
I      68807       153
I     583712       154
I     934531       155
I     701697       156
I     962576       157
I     899361       158
I     501681       159
I     159248       160
I     609598       161
I     264579       162
I     132387       163
I     103703       164
I     446635       165
I     485187       166
I     863337       167
I     662106       168
I     582274       169
I     924751       170
I    1032758       171
I     774225       172
I     828608       173
I     577767       174
I     224597       175
I     428632       176
I     346368       177
I     911431       178
I    1044355       179
I     242364       180
I     177070       181
I     697624       182
I     395239       183
I     643096       184
I     671577       185
I     752726       186
I     642795       187
I     408824       188
I    1007332       189
I     718496       190
I     823229       191
I     854891       192
I     225527       193
I     694532       194
I     610354       195
I     597311       196
I     994040       197
I     792191       198
I     439306       199
I     383126       200
I     146242       201
I    1027537       202
I     422134       203
I     320338       204
I     975602       205
I      77927       206
I     414220       207
I     392261       208
I     712428       209
I     794193       210
I     348381       211
I       6814       212
I      16740       213
I    1045348       214
I     874984       215
I     174987       216
I     199923       217
I      73681       218
I     896500       219
I     850632       220
I     349717       221
I     531321       222
I    1038114       223
I     166144       224
I     145865       225
I       2578       226
I     986631       227
I     324730       228
I     154277       229
I    1034123       230
I     151346       231
I      57636       232
I     817818       233
I      23923       234
I     237739       235
I     420306       236
I    1028895       237
I      15541       238
I     752257       239
I     367626       240
I     496743       241
I     421290       242
I     962462       243
I     840673       244
I    1010329       245
I     618094       246
I      22533       247
I     531704       248
I     919171       249
I     282325       250
I     747634       251
I     440834       252
I     835754       253
I     893284       254
I     881655       255
I     478837       256
I     801335       257
I     868046       258
I     417683       259
I     231665       260
I     792163       261
I     973566       262
I     918969       263
I     879108       264
I     645156       265
I     545174       266
I     140793       267
I     439885       268
I     221301       269
I     421690       270
I     337382       271
I     376151       272
I     739410       273
I     373633       274
I     378725       275
I      99705       276
I     589253       277
I     906453       278
I     576918       279
I     363189       280
I     391113       281
I      55291       282
I     796510       283
I     810774       284
I     192097       285
I     635965       286
I      12526       287
I     832068       288
I     652779       289
I     561764       290
I     815421       291
I     910717       292
I      59786       293
I     329358       294
I     221945       295
I     872402       296
I     269476       297
I     160007       298
I     136168       299
I     625599       300
I     391496       301
I     478762       302
I     570672       303
I      76074       304
I     272767       305
I     776825       306
I     146417       307
I     805081       308
I     766205       309
I     564021       310
I     714603       311
I     529762       312
I     101432       313
I     369851       314
I     122328       315
I     263250       316
I     580081       317
I     183674       318
I     841322       319
I    1014198       320
I      23857       321
I     252571       322
I     271872       323
I     585009       324
I     807445       325
I     431924       326
I     301521       327
I     912272       328
I     543945       329
I     129162       330
I     774880       331
I     755268       332
I    1048006       333
I     153745       334
I     524528       335
I     246553       336
I     629597       337
I      22006       338
I     231880       339
I     825136       340
I     444459       341
I     493952       342
I     712408       343
I     869981       344
I     578098       345
I     402728       346
I     784494       347
I     209670       348
I     880521       349
I     742197       350
I     322052       351
I     116869       352
I    1031918       353
I     243785       354
I     588497       355
I     701076       356
I     153225       357
I     817879       358
I     822621       359
I     305799       360
I     163016       361
I     708548       362
I     457592       363
I      98928       364
I     897655       365
I     461381       366
I     899972       367
I     552896       368
I     507854       369
I      68522       370
I     368212       371
I     396417       372
I     569885       373
I     113658       374
I     498574       375
I     418467       376
I     936203       377
I     951269       378
I     293070       379
I     225681       380
I     361793       381
I      60373       382
I     989972       383
I     826706       384
I     684610       385
I     205585       386
I     826160       387
I      11858       388
I     724528       389
I     505612       390
I     114245       391
I     864297       392
I    1031606       393
I     451806       394
I     953094       395
I     665911       396
I     773205       397
I     538700       398
I     579297       399
I     412862       400
I     856619       401
I     695255       402
I     882258       403
I     612909       404
I      22107       405
I     857599       406
I     114645       407
I     193382       408
I     875110       409
I     638122       410
I     667892       411
I     893662       412
I     964080       413
I     315678       414
I     262715       415
I     483871       416
I      70734       417
I    1023698       418
I     601893       419
I       3517       420
I     644821       421
I      18095       422
I     600312       423
I     861772       424
I     679790       425
I     536587       426
I     463465       427
I     969256       428
I     678273       429
I     734609       430
I     822559       431
I     352848       432
I     975314       433
I     698021       434
I     569163       435
I     728516       436
I     957857       437
I     678912       438
I      27625       439
I     499296       440
I     331950       441
I     661513       442
I     690348       443
I      24354       444
I     988881       445
I     964786       446
I     107556       447
I      57964       448
I     291424       449
I     497708       450
I     398112       451
I     583482       452
I     839130       453
I     922653       454
I     913825       455
I     217884       456
I     859506       457
I     234292       458
I     414306       459
I     128701       460
I     659469       461
I     685368       462
I     386515       463
I     433093       464
I    1044085       465
I     816160       466
I     616249       467
I     317070       468
I     805891       469
I     199054       470
I     480108       471
I     335453       472
I    1035179       473
I     165894       474
I     639682       475
I     671564       476
I    1001188       477
I     985603       478
I     424800       479
I     384695       480
I     639741       481
I     501570       482
I     430588       483
I     787114       484
I     992235       485
I     193987       486
I     356635       487
I     143404       488
I     776821       489
I     685288       490
I     296058       491
I     204994       492
I     586035       493
I     737752       494
I     928158       495
I    1037133       496
I       4422       497
I     342666       498
I     399726       499
I     744782       500
I     808458       501
I     970993       502
I     363315       503
I    1001253       504
I    1014953       505
I     309861       506
I     473818       507
I     372195       508
I     768727       509
I     135279       510
I     926064       511
I     728892       512
I     828885       513
I     900435       514
I     619554       515
I      64004       516
I     638679       517
I      58529       518
I     387222       519
I     254571       520
I     632200       521
I     776942       522
I    1024551       523
I     440539       524
I     361230       525
I     224106       526
I    1044158       527
I    1014711       528
I       8169       529
I     192446       530
I     586632       531
I       1806       532
I    1025489       533
I     249820       534
I     500815       535
I     912145       536
I     979715       537
I     487748       538
I     345436       539
I     510936       540
I     221907       541
I     222739       542
I     362647       543
I     159602       544
I     620792       545
I     993338       546
I     397536       547
I      34602       548
I     701811       549
I     636901       550
I    1018360       551
I     472977       552
I     446191       553
I    1020540       554
I    1010299       555
I     921549       556
I     938847       557
I     880320       558
I     323217       559
I    1023202       560
I     834522       561
I     473678       562
I     272123       563
I     362786       564
I     530023       565
I     903463       566
I     969858       567
I     239377       568
I     487032       569
I     425501       570
I     107909       571
I     898498       572
I     973710       573
I     965668       574
I      95027       575
I     720194       576
I     957111       577
I       5314       578
I     357310       579
I    1001561       580
I     320462       581
I     389370       582
I     994522       583
I     668829       584
I     699665       585
I     729038       586
I     815280       587
I     134069       588
I     474444       589
I    1025270       590
I     362676       591
I      84094       592
I     234616       593
I     344049       594
I     760148       595
I    1028448       596
I     598699       597
I     440993       598
I     514353       599
I     618381       600
I     544780       601
I     114838       602
I     761114       603
I     727240       604
I     396870       605
I     864110       606
I     789875       607
I    1027100       608
I     889052       609
I     945759       610
I     489838       611
I     154767       612
I     941290       613
I     244237       614
I     490496       615
I     150571       616
I     178733       617
I     194893       618
I     772117       619
I     193645       620
I      83320       621
I     507772       622
I     176621       623
I     277027       624
I     183892       625
I     952489       626
I     585079       627
I     788853       628
I     458413       629
I     528201       630
I     270170       631
I     875948       632
I     581209       633
I     694861       634
I     358443       635
I     976530       636
I      57641       637
I       7096       638
I     381627       639
I     789631       640
I     470816       641
I     965336       642
I     976953       643
I     831484       644
I     901141       645
I     876533       646
I     853779       647
I     247637       648
I      83144       649
I     192855       650
I     647013       651
I     938896       652
I     953858       653
I     948121       654
I     453812       655
I     106678       656
I     703914       657
I      28793       658
I     508265       659
I      76601       660
I     610349       661
I     211748       662
I     593034       663
I     280782       664
I     389805       665
I     204042       666
I     239025       667
I     360365       668
I     318476       669
I     874613       670
I     600553       671
I     437862       672
I     393278       673
I     721314       674
I     475309       675
I     844031       676
I     930664       677
I     952851       678
I     294438       679
I     875603       680
I     629757       681
I     894732       682
I     858831       683
I     903553       684
I     249661       685
I     827980       686
I     827883       687
I     247624       688
I     346674       689
I     226105       690
I     568920       691
I     577123       692
I     557586       693
I     164225       694
I     205892       695
I     994707       696
I     103973       697
I     181378       698
I     944240       699
I     238835       700
I     140736       701
I     326690       702
I    1043431       703
I     163438       704
I     903458       705
I     990757       706
I     679313       707
I      94250       708
I     242112       709
I     562485       710
I     165726       711
I       9314       712
I     931187       713
I     341225       714
I     194347       715
I      22089       716
I    1048117       717
I     778715       718
I    1004030       719
I      55518       720
I      20730       721
I     508399       722
I     783619       723
I     420970       724
I     991410       725
I     800274       726
I     104765       727
I     626110       728
I     579248       729
I     192583       730
I     431997       731
I     309822       732
I     481328       733
I     140105       734
I      51181       735
I     436171       736
I     363845       737
I     630386       738
I    1005462       739
I     687835       740
I     920554       741
I     436927       742
I     947146       743
I     190312       744
I     871546       745
I     499979       746
I     439692       747
I      34871       748
I     484538       749
I     245054       750
I     435436       751
I     508240       752
I     603868       753
I    1033656       754
I      37236       755
I    1026088       756
I    1018705       757
I     358490       758
I     735544       759
I     698890       760
I     741245       761
I     334463       762
I     710086       763
I     226763       764
I      74742       765
I     414067       766
I    1028445       767
I     463237       768
I      21521       769
I     761319       770
I     956941       771
I     968428       772
I     256436       773
I     794566       774
I     494642       775
I     402765       776
I     292739       777
I     747768       778
I      25253       779
I     153135       780
I     816949       781
I     727855       782
I      12981       783
I     754961       784
I     188041       785
I     227796       786
I     121757       787
I     455161       788
I     136499       789
I     686968       790
I     523067       791
I      56543       792
I    1029669       793
I     256005       794
I     326440       795
I     852450       796
I     881633       797
I     710506       798
I     909075       799
I     224234       800
I     885163       801
I     469687       802
I     487024       803
I     369613       804
I     782277       805
I      11446       806
I     742843       807
I      50336       808
I     957378       809
I     346561       810
I     804055       811
I     381925       812
I     485033       813
I     382478       814
I     116295       815
I     169800       816
I     140214       817
I      68604       818
I     869134       819
I     786593       820
I      30216       821
I     900401       822
I     635258       823
I     276462       824
I     812410       825
I     702372       826
I     408682       827
I     777710       828
I     112600       829
I    1007561       830
I     774960       831
I     321077       832
I     739154       833
I    1046237       834
I     547252       835
I     745237       836
I     817200       837
I     495834       838
I     729138       839
I     686273       840
I     524837       841
I     567235       842
I     558316       843
I    1013926       844
I    1046509       845
I      12728       846
I     498209       847
I     730624       848
I     983255       849
I     277384       850
I     414751       851
I      76873       852
I     867973       853
I     752610       854
I     336178       855
I     102075       856
I      62409       857
I     105338       858
I     890375       859
I     192792       860
I     767067       861
I     716689       862
I     798942       863
I     223210       864
I     943563       865
I     384258       866
I     303611       867
I    1046947       868
I     982226       869
I     773748       870
I     844300       871
I     210975       872
I      65087       873
I     447194       874
I     169009       875
I     309795       876
I      41602       877
I     115070       878
I     247253       879
I     333043       880
I     117101       881
I     108040       882
I     851590       883
I     258898       884
I     287803       885
I      35905       886
I     567421       887
I     332697       888
I     830101       889
I     973436       890
I     718696       891
I     736958       892
I     121181       893
I     415620       894
I        570       895
I     188543       896
I     706748       897
I     286143       898
I     390321       899
I     755171       900
I     161716       901
I     668797       902
I     644299       903
I      62601       904
I     331537       905
I     280213       906
I     545613       907
I     968802       908
I     277007       909
I     224434       910
I     467526       911
I     687689       912
I    1040058       913
I     328773       914
I     295555       915
I     972639       916
I     372338       917
I     239983       918
I     221984       919
I     669748       920
I     757432       921
I     720907       922
I     126022       923
I     444214       924
I     672702       925
I     848601       926
I     834189       927
I      28503       928
I      49549       929
I     766014       930
I     745937       931
I     323718       932
I     860330       933
I     268038       934
I     220609       935
I     771356       936
I     340981       937
I    1015650       938
I     604234       939
I     343196       940
I     791039       941
I     132961       942
I     869382       943
I     403464       944
I     501834       945
I     668448       946
I     198390       947
I     265646       948
I     846530       949
I     692905       950
I     976420       951
I     799363       952
I     383314       953
I     935096       954
I     121235       955
I     291008       956
I     295654       957
I     463470       958
I     825971       959
I     119388       960
I     981277       961
I     144308       962
I     619125       963
I      43301       964
I     896921       965
I     394716       966
I     293768       967
I     593448       968
I     745472       969
I      25959       970
I     456932       971
I     511407       972
I     204009       973
I     624924       974
I     383319       975
I     431093       976
I    1028768       977
I    1032799       978
I       7238       979
I     542972       980
I     625375       981
I     641091       982
I     907639       983
I      61263       984
I     641152       985
I     839953       986
I     538913       987
I     329513       988
I     522677       989
I     723344       990
I     687707       991
I     374139       992
I      83919       993
I      95151       994
I    1003361       995
I     511270       996
I     435641       997
I     240129       998
I     787304       999
I     833113      1000
I     529804      1001
I     736114      1002
I     127278      1003
I      37732      1004
I     304958      1005
I     672944      1006
I     633469      1007
I     536235      1008
I      78246      1009
I       7529      1010
I     623409      1011
I      98712      1012
I     149698      1013
I     682809      1014
I     134009      1015
I     270208      1016
I     801717      1017
I     900048      1018
I     241899      1019
I     853184      1020
I     965226      1021
I     479532      1022
I     729051      1023
F
D
F
D
F
D
F
D
F
D
F
D
F
D
F
D
F
D
F
D
F
D
F
D
F
D
F
D
F
D
F
D
F
D
F
D
F
D
F
D
F
D
F
D
F
D
F
D
F
D
F
D
F
D
F
D
F
D
F
D
F
D
F
D
F
D
F
D
F
D
F
D
F
D
F
D
F
D
F
D
F
D
F
D
F
D
F
D
F
D
F
D
F
D
F
D
F
D
F
D
F
D
F
D
F
D
F
D
F
D
F
D
F
D
F
D
F
D
F
D
F
D
F
D
F
D
F
D
F
D
F
D
F
D
F
D
F
D
F
D
F
D
F
D
F
D
F
D
F
D
F
D
F
D
F
D
F
D
F
D
F
D
F
D
F
D
F
D
F
D
F
D
F
D
F
D
F
D
F
D
F
D
F
D
F
D
F
D
F
D
F
D
F
D
F
D
F
D
F
D
F
D
F
D
F
D
F
D
F
D
F
D
F
D
F
D
F
D
F
D
F
D
F
D
F
D
F
D
F
D
F
D
F
D
F
D
F
D
F
D
F
D
F
D
F
D
F
D
F
D
F
D
F
D
F
D
F
D
F
D
F
D
F
D
F
D
F
D
F
D
F
D
F
D
F
D
F
D
F
D
F
D
F
D
F
D
F
D
F
D
F
D
F
D
F
D
F
D
F
D
F
D
F
D
F
D
F
D
F
D
F
D
F
D
F
D
F
D
F
D
F
D
F
D
F
D
F
D
F
D
F
D
F
D
F
D
F
D
F
D
F
D
F
D
F
D
F
D
F
D
F
D
F
D
F
D
F
D
F
D
F
D
F
D
F
D
F
D
F
D
F
D
F
D
F
D
F
D
F
D
F
D
F
D
F
D
F
D
F
D
F
D
F
D
F
D
F
D
F
D
F
D
F
D
F
D
F
D
F
D
F
D
F
D
F
D
F
D
F
D
F
D
F
D
F
D
F
D
F
D
F
D
F
D
F
D
F
D
F
D
F
D
F
D
F
D
F
D
F
D
F
D
F
D
F
D
F
D
F
D
F
D
F
D
F
D
F
D
F
D
F
D
F
D
F
D
F
D
F
D
F
D
F
D
F
D
F
D
F
D
F
D
F
D
F
D
F
D
F
D
F
D
F
D
F
D
F
D
F
D
F
D
F
D
F
D
F
D
F
D
F
D
F
D
F
D
F
D
F
D
F
D
F
D
F
D
F
D
F
D
F
D
F
D
F
D
F
D
F
D
F
D
F
D
F
D
F
D
F
D
F
D
F
D
F
D
F
D
F
D
F
D
F
D
F
D
F
D
F
D
F
D
F
D
F
D
F
D
F
D
F
D
F
D
F
D
F
D
F
D
F
D
F
D
F
D
F
D
F
D
F
D
F
D
F
D
F
D
F
D
F
D
F
D
F
D
F
D
F
D
F
D
F
D
F
D
F
D
F
D
F
D
F
D
F
D
F
D
F
D
F
D
F
D
F
D
F
D
F
D
F
D
F
D
F
D
F
D
F
D
F
D
F
D
F
D
F
D
F
D
F
D
F
D
F
D
F
D
F
D
F
D
F
D
F
D
F
D
F
D
F
D
F
D
F
D
F
D
F
D
F
D
F
D
F
D
F
D
F
D
F
D
F
D
F
D
F
D
F
D
F
D
F
D
F
D
F
D
F
D
F
D
F
D
F
D
F
D
F
D
F
D
F
D
F
D
F
D
F
D
F
D
F
D
F
D
F
D
F
D
F
D
F
D
F
D
F
D
F
D
F
D
F
D
F
D
F
D
F
D
F
D
F
D
F
D
F
D
F
D
F
D
F
D
F
D
F
D
F
D
F
D
F
D
F
D
F
D
F
D
F
D
F
D
F
D
F
D
F
D
F
D
F
D
F
D
F
D
F
D
F
D
F
D
F
D
F
D
F
D
F
D
F
D
F
D
F
D
F
D
F
D
F
D
F
D
F
D
F
D
F
D
F
D
F
D
F
D
F
D
F
D
F
D
F
D
F
D
F
D
F
D
F
D
F
D
F
D
F
D
F
D
F
D
F
D
F
D
F
D
F
D
F
D
F
D
F
D
F
D
F
D
F
D
F
D
F
D
F
D
F
D
F
D
F
D
F
D
F
D
F
D
F
D
F
D
F
D
F
D
F
D
F
D
F
D
F
D
F
D
F
D
F
D
F
D
F
D
F
D
F
D
F
D
F
D
F
D
F
D
F
D
F
D
F
D
F
D
F
D
F
D
F
D
F
D
F
D
F
D
F
D
F
D
F
D
F
D
F
D
F
D
F
D
F
D
F
D
F
D
F
D
F
D
F
D
F
D
F
D
F
D
F
D
F
D
F
D
F
D
F
D
F
D
F
D
F
D
F
D
F
D
F
D
F
D
F
D
F
D
F
D
F
D
F
D
F
D
F
D
F
D
F
D
F
D
F
D
F
D
F
D
F
D
F
D
F
D
F
D
F
D
F
D
F
D
F
D
F
D
F
D
F
D
F
D
F
D
F
D
F
D
F
D
F
D
F
D
F
D
F
D
F
D
F
D
F
D
F
D
F
D
F
D
F
D
F
D
F
D
F
D
F
D
F
D
F
D
F
D
F
D
F
D
F
D
F
D
F
D
F
D
F
D
F
D
F
D
F
D
F
D
F
D
F
D
F
D
F
D
F
D
F
D
F
D
F
D
F
D
F
D
F
D
F
D
F
D
F
D
F
D
F
D
F
D
F
D
F
D
F
D
F
D
F
D
F
D
F
D
F
D
F
D
F
D
F
D
F
D
F
D
F
D
F
D
F
D
F
D
F
D
F
D
F
D
F
D
F
D
F
D
F
D
F
D
F
D
F
D
F
D
F
D
F
D
F
D
F
D
F
D
F
D
F
D
F
D
F
D
F
D
F
D
F
D
F
D
F
D
F
D
F
D
F
D
F
D
F
D
F
D
F
D
F
D
F
D
F
D
F
D
F
D
F
D
F
D
F
D
F
D
F
D
F
D
F
D
F
D
F
D
F
D
F
D
F
D
F
D
F
D
F
D
F
D
F
D
F
D
F
D
F
D
F
D
F
D
F
D
F
D
F
D
F
D
F
D
F
D
F
D
F
D
F
D
F
D
F
D
F
D
F
D
F
D
F
D
F
D
F
D
F
D
F
D
F
D
F
D
F
D
F
D
F
D
F
D
F
D
F
D
F
D
F
D
F
D
F
D
F
D
F
D
F
D
F
D
F
D
F
D
F
D
F
D
F
D
F
D
F
D
F
D
F
D
F
D
F
D
F
D
F
D
F
D
F
D
F
D
F
D
F
D
F
D
F
D
F
D
F
D
F
D
F
D
F
D
F
D
F
D
F
D
F
D
F
D
F
D
F
D
F
D
F
D
F
D
F
D
F
D
F
D
F
D
F
D
F
D
F
D
F
D
F
D
F
D
F
D
F
D
F
D
F
D
F
D
F
D
F
D
F
D
F
D
F
D
F
D
F
D
F
D
F
D
F
D
F
D
F
D
F
D
F
D
F
D
F
D
F
D
F
D
F
D
F
D
F
D
F
D
F
D
F
D
F
D
F
D
F
D
F
D
F
D
F
D
F
D
F
D
F
D
F
D
F
D
F
D
F
D
F
D
F
D
F
D
F
D
F
D
F
D
F
D
F
D
F
D
F
D
F
D
F
D
F
D
F
D
F
D
F
D
F
D
F
D
F
D
F
D
F
D
F
D
F
D
F
D
F
D
F
D
F
D
F
D
F
D
F
D
F
D
F
D
F
D
F
D
F
D
F
D
F
D
F
D
F
D
F
D
F
D
F
D
F
D
F
D
F
D
F
D
F
D
F
D
F
D
F
D
F
D
F
D
F
D
F
D
F
D
F
D
F
D
F
D
F
D
F
D
F
D
F
D
F
D
F
D
F
D
F
D
F
D
F
D
F
D
F
D
F
D
F
D
F
D
F
D
F
D
F
D
F
D
F
D
F
D
F
D
F
D
F
D
F
D
F
D
F
D
F
D
F
D
F
D
F
D
F
D
F
D
F
D
F
D
F
D
F
D
F
D
F
D
F
D
F
D
F
D
F
D
F
D
F
D
F
D
F
D
F
D
F
D
F
D
F
D
F
D
F
D
F
D
F
D
F
D
F
D
F
D
F
D
F
D
F
D
F
D
F
D
F
D
F
D
F
D
F
D
F
D
F
D
F
D
F
D
F
D
F
D
F
D
F
D
F
D
F
D
F
D
F
D
F
D
F
D
F
D
F
D
F
D
F
D
F
D
F
D
F
D
F
D
F
D
F
D
F
D
F
D
F
D
F
D
F
D
F
D
F
D
F
D
F
D
F
D
F
D
F
D
F
D
F
D
F
D
F
D
F
D
F
D
F
D
F
D
F
D
F
D
F
D
F
D
F
D
F
D
F
D
F
D
F
D
F
D
F
D
F
D
F
D
F
D
F
D
F
D
F
D
F
D
F
D
F
D
F
D
F
D
F
D
F
D
F
D
F
D
F
D
F
D
F
D
F
D
F
D
F
D
F
D
F
D
F
D
F
D
F
D
F
D
F
D
F
D
F
D
F
D
F
D
F
D
F
D
F
D
F
D
F
D
F
D
F
D
F
D
F
D
F
D
F
D
