batch_then_drain 2048 23
I     266272         0
I    1028389         1
I      97325         2
I     430956         3
I    1006897         4
I     229025         5
I    1047362         6
I     754074         7
I     513550         8
I     825332         9
I     734313        10
I     817642        11
I     308626        12
I     407439        13
I     497469        14
I     274326        15
I     370121        16
I     758835        17
I     328519        18
I     574554        19
I      76654        20
I     637468        21
I     803805        22
I     842245        23
I     775408        24
I    1039669        25
I      62601        26
I     834291        27
I     151554        28
I      87573        29
I     398698        30
I     284178        31
I    1026192        32
I     117840        33
I      20577        34
I     605376        35
I     850771        36
I     248450        37
I     521634        38
I     120846        39
I     678038        40
I     310573        41
I     452070        42
I     583028        43
I     800598        44
I     786340        45
I     827781        46
I      90952        47
I     404215        48
I      93366        49
I     288243        50
I     278584        51
I     405996        52
I     614642        53
I    1019420        54
I    1027765        55
I    1023086        56
I     176071        57
I     568134        58
I     445639        59
I     290718        60
I     105616        61
I     851483        62
I     492311        63
I      93912        64
I      84028        65
I     477820        66
I     671662        67
I     992197        68
I      34308        69
I     704342        70
I     270411        71
I     991842        72
I     453085        73
I     335347        74
I     959987        75
I     616873        76
I     620723        77
I     419846        78
I     296589        79
I     349360        80
I    1011705        81
I     948798        82
I     423994        83
I    1036947        84
I     563545        85
I     662166        86
I      35505        87
I      10964        88
I     799679        89
I     115849        90
I     145587        91
I     997934        92
I     632990        93
I     798391        94
I     271309        95
I     341083        96
I     768135        97
I      86306        98
I     879337        99
I     678154       100
I     753661       101
I    1022933       102
I     229741       103
I     317978       104
I     251556       105
I     981221       106
I     846154       107
I     855028       108
I     882388       109
I    1021115       110
I     331868       111
I     498839       112
I    1005050       113
I     282538       114
I     518644       115
I     514873       116
I     322810       117
I     301606       118
I     481622       119
I     897437       120
I     886722       121
I     841069       122
I      64706       123
I     883575       124
I     954848       125
I     205031       126
I    1002064       127
I     178793       128
I     658253       129
I     529771       130
I     562428       131
I     861143       132
I     683113       133
I     164428       134
I     191415       135
I     572004       136
I     160637       137
I     233210       138
I     460548       139
I     160328       140
I     202815       141
I     495124       142
I     834851       143
I     339114       144
I     245954       145
I     858779       146
I     536337       147
I      52441       148
I     666138       149
I     970023       150
I     132014       151
I     181198       152
I     142001       153
I     796338       154
I       5331       155
I     863487       156
I     254255       157
I     139380       158
I    1036601       159
I     378143       160
I     380204       161
I      57177       162
I     295332       163
I     158925       164
I     784040       165
I     433578       166
I     818694       167
I     182198       168
I     230934       169
I     602850       170
I     389714       171
I     405898       172
I     576894       173
I     839056       174
I     456312       175
I     142813       176
I     944660       177
I     883661       178
I     209253       179
I     139990       180
I     214178       181
I     340731       182
I     603143       183
I     773794       184
I     942035       185
I    1040427       186
I     949977       187
I     551143       188
I     992338       189
I     545859       190
I     324055       191
I     432467       192
I     392317       193
I     448032       194
I      74750       195
I     279483       196
I     488722       197
I     339188       198
I     922105       199
I     283476       200
I     892193       201
I     181660       202
I     782335       203
I      91462       204
I     720471       205
I     651860       206
I      43435       207
I     986074       208
I     648077       209
I     774094       210
I     237239       211
I     819337       212
I     213676       213
I     336629       214
I      56311       215
I     404211       216
I     573854       217
I     550179       218
I     892679       219
I     569233       220
I     789003       221
I     834166       222
I      85238       223
I     583228       224
I     638189       225
I     847695       226
I      61533       227
I     845717       228
I     449334       229
I     430792       230
I     429857       231
I     308402       232
I     526131       233
I     761856       234
I     457397       235
I     499240       236
I     151398       237
I      23565       238
I     761129       239
I     194813       240
I      83601       241
I      24384       242
I     116606       243
I      99599       244
I     783725       245
I     375740       246
I     541317       247
I     522183       248
I     172968       249
I     841927       250
I     833807       251
I      59919       252
I     728089       253
I     230869       254
I     537785       255
I     944319       256
I     185076       257
I     759823       258
I      60350       259
I    1040483       260
I     101194       261
I     533968       262
I     710464       263
I    1023794       264
I     418830       265
I     663360       266
I     265378       267
I     802073       268
I     145218       269
I     205079       270
I     271362       271
I     297693       272
I     811044       273
I     283870       274
I     214542       275
I     693641       276
I     438012       277
I     759886       278
I     521858       279
I      89142       280
I     591383       281
I      11866       282
I     889112       283
I     284154       284
I      89419       285
I    1031155       286
I     425638       287
I      58483       288
I    1024258       289
I     487454       290
I     172427       291
I     846605       292
I     349726       293
I    1008283       294
I     693414       295
I     249655       296
I     354962       297
I     273241       298
I      71311       299
I     942935       300
I     373762       301
I     113671       302
I     382943       303
I      79519       304
I     264642       305
I     437888       306
I     279127       307
I     920635       308
I     597376       309
I       3771       310
I     313767       311
I     750764       312
I     831781       313
I     136565       314
I     988659       315
I     649299       316
I     434539       317
I     914997       318
I     847077       319
I     490498       320
I     614678       321
I     447779       322
I     542026       323
I     323140       324
I     335546       325
I     378419       326
I     620074       327
I     870434       328
I     547820       329
I     469533       330
I     115843       331
I     860496       332
I     272912       333
I     666132       334
I       9446       335
I     788255       336
I     664733       337
I     743497       338
I     264434       339
I     391764       340
I     293767       341
I     318191       342
I     921501       343
I      69780       344
I     100403       345
I     141610       346
I      54237       347
I     311641       348
I     796255       349
I     177231       350
I     228418       351
I     828373       352
I     181663       353
I     811493       354
I     112576       355
I    1019285       356
I     243471       357
I      67914       358
I     560898       359
I      90125       360
I     148655       361
I     947906       362
I     227517       363
I     981648       364
I     934289       365
I     978961       366
I     997456       367
I     726141       368
I     500647       369
I     111577       370
I     577822       371
I     583630       372
I      22759       373
I     859983       374
I     471931       375
I      74117       376
I     585811       377
I     460855       378
I     775599       379
I     629463       380
I     135852       381
I     415304       382
I     964292       383
I     166471       384
I    1024550       385
I     701081       386
I     880550       387
I     281198       388
I     628239       389
I     346315       390
I     982174       391
I     459980       392
I     945862       393
I     372136       394
I     596889       395
I     827547       396
I     372483       397
I     817042       398
I     391582       399
I     236359       400
I     173261       401
I     436124       402
I     559547       403
I     657135       404
I     856657       405
I      62481       406
I     330244       407
I     799740       408
I     172314       409
I     906817       410
I     309244       411
I     205067       412
I      46669       413
I     527688       414
I     156348       415
I     916417       416
I     113900       417
I     365159       418
I     441436       419
I     135874       420
I     211350       421
I     308448       422
I     806529       423
I     373724       424
I     197965       425
I     370894       426
I     654546       427
I      33532       428
I     195748       429
I      95759       430
I     440186       431
I     238883       432
I      40424       433
I     374066       434
I      78471       435
I     440350       436
I     746252       437
I     794261       438
I     674098       439
I     537579       440
I     662738       441
I     542576       442
I     153852       443
I     309619       444
I     732706       445
I     270969       446
I     448679       447
I     451083       448
I     519269       449
I     711274       450
I    1002013       451
I     935543       452
I     870288       453
I    1000454       454
I     266784       455
I     307666       456
I     602167       457
I     112449       458
I     965005       459
I     637879       460
I     895946       461
I     883435       462
I     239252       463
I     861679       464
I     585871       465
I      71081       466
I     111912       467
I     491211       468
I     112612       469
I     716346       470
I     519776       471
I     181986       472
I     536856       473
I     752949       474
I     336357       475
I     175976       476
I     183379       477
I     459145       478
I      72622       479
I     817665       480
I     368296       481
I     791529       482
I     777588       483
I     765747       484
I     312680       485
I     150264       486
I     712715       487
I     177235       488
I     371968       489
I    1021675       490
I      16408       491
I     589475       492
I     112620       493
I     423478       494
I     192248       495
I     983543       496
I     637307       497
I     634065       498
I     341129       499
I     114791       500
I      72926       501
I     173932       502
I      24622       503
I     946490       504
I     393163       505
I     455999       506
I     262390       507
I     195497       508
I     330384       509
I     993558       510
I     262023       511
I     146697       512
I     341913       513
I     968858       514
I     416535       515
I     321631       516
I     899613       517
I     130009       518
I     376255       519
I     810053       520
I     301757       521
I     737924       522
I     775299       523
I     604350       524
I     971073       525
I     376502       526
I     841737       527
I     963654       528
I     171461       529
I     109680       530
I     588606       531
I     513483       532
I     217888       533
I     572768       534
I     146237       535
I      15149       536
I     185138       537
I     561148       538
I     392502       539
I     637908       540
I     517643       541
I     567909       542
I     340674       543
I     848262       544
I     302227       545
I     265017       546
I      28507       547
I     301639       548
I     489441       549
I     747386       550
I      31590       551
I     315552       552
I     773060       553
I     469265       554
I     651335       555
I     723922       556
I     838539       557
I     524758       558
I     454391       559
I     145402       560
I     153087       561
I     683174       562
I     773799       563
I     568002       564
I     200150       565
I     399397       566
I    1027563       567
I     656821       568
I     179851       569
I      69663       570
I     255857       571
I    1024709       572
I     793286       573
I     688973       574
I     722337       575
I     444667       576
I      65927       577
I     138348       578
I     199751       579
I     106008       580
I     963145       581
I     106349       582
I     314274       583
I     677239       584
I    1021561       585
I     913412       586
I     398909       587
I     208946       588
I     520804       589
I      30969       590
I     212464       591
I     222864       592
I     645170       593
I     867824       594
I     144686       595
I     786328       596
I     304287       597
I      90063       598
I     990365       599
I     276332       600
I      10660       601
I     366119       602
I     903114       603
I     398311       604
I      11972       605
I     570599       606
I     470447       607
I     237170       608
I     698400       609
I     814671       610
I     683282       611
I     193255       612
I     611743       613
I     462842       614
I     925135       615
I     719118       616
I     255016       617
I     998545       618
I       2620       619
I     664584       620
I     806345       621
I       9526       622
I     700359       623
I      32367       624
I     518606       625
I     866560       626
I     748912       627
I     969751       628
I     117029       629
I     816969       630
I     296332       631
I     405473       632
I    1023866       633
I     794851       634
I      74679       635
I     610630       636
I     628561       637
I     973182       638
I     652717       639
I     825939       640
I     379520       641
I     199937       642
I     283453       643
I     803883       644
I     461557       645
I     314499       646
I     468020       647
I     607388       648
I     551164       649
I     530490       650
I      54843       651
I     349999       652
I     881015       653
I     687729       654
I     411157       655
I     276884       656
I    1048411       657
I     934896       658
I     114063       659
I      94532       660
I     726721       661
I     450182       662
I     430379       663
I     887666       664
I     235813       665
I     154832       666
I     274129       667
I      11335       668
I     427743       669
I     683304       670
I     160340       671
I     884636       672
I     658975       673
I     409545       674
I     665454       675
I     126244       676
I     379746       677
I     701493       678
I     979194       679
I     194423       680
I     871925       681
I     502250       682
I     667834       683
I     710638       684
I     144298       685
I     899675       686
I     973360       687
I     606666       688
I     548814       689
I     216468       690
I    1033914       691
I     881716       692
I     387934       693
I    1040022       694
I     885256       695
I     764136       696
I     534037       697
I     692037       698
I     813488       699
I     861992       700
I     278880       701
I     756877       702
I     611111       703
I      54003       704
I     405614       705
I    1018808       706
I     387299       707
I     843347       708
I     444023       709
I     702894       710
I     801776       711
I     732318       712
I     837373       713
I     207695       714
I      75708       715
I     148130       716
I      64824       717
I     471093       718
I      85464       719
I     291715       720
I     619148       721
I     266272       722
I     947140       723
I     743934       724
I     759657       725
I     267000       726
I     248427       727
I      69850       728
I     343117       729
I     677403       730
I     583245       731
I       7654       732
I     677636       733
I     169354       734
I     519808       735
I     672107       736
I     603785       737
I     406543       738
I     425053       739
I    1044934       740
I     344931       741
I     399868       742
I     343566       743
I     581642       744
I     142229       745
I     392155       746
I     238334       747
I     502841       748
I      17072       749
I     798212       750
I     694223       751
I    1036378       752
I     240205       753
I     303799       754
I      12395       755
I     267498       756
I     508090       757
I     512216       758
I    1009304       759
I     547654       760
I     508656       761
I     228003       762
I     821472       763
I     326513       764
I     548233       765
I      69580       766
I     957676       767
I     457262       768
I     888833       769
I     354585       770
I     915692       771
I      52329       772
I     257007       773
I     871786       774
I      52234       775
I     621206       776
I     463668       777
I     116146       778
I     496523       779
I     905547       780
I     950909       781
I     467619       782
I      67110       783
I     683151       784
I     754517       785
I     315328       786
I     467573       787
I     914182       788
I    1012057       789
I     151569       790
I     226141       791
I     661137       792
I     619620       793
I     641325       794
I     580338       795
I     222083       796
I      40696       797
I    1026745       798
I      72039       799
I     689798       800
I     652697       801
I     330323       802
I     456373       803
I     316472       804
I      71652       805
I    1036230       806
I     280820       807
I     695184       808
I     405150       809
I     694142       810
I     179376       811
I     809314       812
I     964454       813
I     505121       814
I      82343       815
I     297911       816
I      79946       817
I     458201       818
I     428259       819
I     844660       820
I     923116       821
I     664357       822
I     369834       823
I     396180       824
I     184021       825
I     394542       826
I     293669       827
I     114885       828
I      79432       829
I     145191       830
I     364668       831
I     955926       832
I     231319       833
I     908752       834
I     937995       835
I     155895       836
I     744095       837
I      73845       838
I     262408       839
I     966568       840
I     127812       841
I     649102       842
I     987249       843
I     432165       844
I     485696       845
I     345392       846
I      32402       847
I     851050       848
I     655287       849
I     467397       850
I     826836       851
I     834488       852
I     393893       853
I     243249       854
I     521031       855
I     170035       856
I     883768       857
I     785973       858
I      64647       859
I       9670       860
I      11438       861
I    1047255       862
I     289879       863
I     872030       864
I     685983       865
I     155861       866
I     253678       867
I     786745       868
I     445067       869
I     783624       870
I     740754       871
I     737497       872
I     368933       873
I     617589       874
I     927170       875
I     421157       876
I     268316       877
I     771644       878
I     633405       879
I    1018843       880
I     674290       881
I     361326       882
I     844360       883
I     303058       884
I     456495       885
I    1016312       886
I     711393       887
I    1023617       888
I     428532       889
I      62328       890
I     708780       891
I     880911       892
I     695995       893
I     448692       894
I     238088       895
I     649484       896
I     999553       897
I     732507       898
I     108613       899
I     978616       900
I    1014833       901
I     637186       902
I     669432       903
I     483430       904
I     225408       905
I     993592       906
I     223536       907
I     254983       908
I     194964       909
I     408205       910
I     860069       911
I     995581       912
I    1022880       913
I     274622       914
I     627580       915
I     985126       916
I     552851       917
I     976789       918
I     514455       919
I     964543       920
I     374656       921
I     559295       922
I     258288       923
I     907104       924
I     886206       925
I     440665       926
I     491705       927
I     826707       928
I     470632       929
I     783997       930
I     873447       931
I     705239       932
I    1021687       933
I     912042       934
I     972812       935
I     125301       936
I     210329       937
I      39359       938
I     238012       939
I     332309       940
I     620771       941
I     880146       942
I     784332       943
I     972483       944
I     690034       945
I      20705       946
I     980063       947
I     682427       948
I     262898       949
I     541541       950
I     708731       951
I     488817       952
I     300178       953
I      52315       954
I     811412       955
I     768118       956
I     898713       957
I     882777       958
I     349411       959
I     186334       960
I     336214       961
I     646853       962
I     413684       963
I     971130       964
I     924706       965
I     674025       966
I     607450       967
I     740048       968
I     343244       969
I     735523       970
I     944196       971
I     606577       972
I     990185       973
I     792371       974
I     999405       975
I     113202       976
I     762511       977
I     864973       978
I     513104       979
I     769747       980
I     442486       981
I     119639       982
I     323946       983
I     399804       984
I     111874       985
I     961892       986
I     891332       987
I    1018071       988
I     777649       989
I     168186       990
I     522003       991
I     136267       992
I     335374       993
I     680221       994
I     485682       995
I     237927       996
I     581114       997
I     878957       998
I     131813       999
I     435846      1000
I     499077      1001
I     464509      1002
I     527829      1003
I      69598      1004
I     738824      1005
I     796848      1006
I     204914      1007
I     600277      1008
I     811418      1009
I     850094      1010
I     962653      1011
I     171000      1012
I     919557      1013
I     818760      1014
I    1034162      1015
I     490126      1016
I     596795      1017
I     182916      1018
I     931102      1019
I     264721      1020
I     326193      1021
I     992691      1022
I     277114      1023
I     638330      1024
I     974478      1025
I     737149      1026
I     668797      1027
I     487719      1028
I     920151      1029
I     575562      1030
I     949419      1031
I     269583      1032
I     625235      1033
I     630073      1034
I      71157      1035
I      15857      1036
I     324507      1037
I     910914      1038
I     516825      1039
I     743760      1040
I     566000      1041
I     961684      1042
I     139487      1043
I     253484      1044
I     175905      1045
I     290001      1046
I      71820      1047
I     600462      1048
I      88492      1049
I     600924      1050
I     560019      1051
I     429439      1052
I      37374      1053
I     377556      1054
I     837698      1055
I     432839      1056
I     359959      1057
I     225900      1058
I     859679      1059
I      71101      1060
I      53408      1061
I     456333      1062
I     437793      1063
I     808911      1064
I     251888      1065
I     395589      1066
I     419120      1067
I     241292      1068
I     606619      1069
I    1002460      1070
I       4794      1071
I     690025      1072
I     638157      1073
I     451312      1074
I      61565      1075
I     787834      1076
I     711359      1077
I     359918      1078
I     496412      1079
I     942878      1080
I         87      1081
I      20370      1082
I     569744      1083
I     606757      1084
I     108898      1085
I     364894      1086
I     215317      1087
I     799143      1088
I     487809      1089
I     487931      1090
I     546599      1091
I    1039473      1092
I     234527      1093
I     263102      1094
I     455172      1095
I      53644      1096
I     187404      1097
I     735431      1098
I     266587      1099
I     887678      1100
I     881721      1101
I     946943      1102
I     867446      1103
I     669247      1104
I     693013      1105
I     367503      1106
I     399913      1107
I     765106      1108
I     981867      1109
I     795907      1110
I     710222      1111
I     455465      1112
I     707854      1113
I     230010      1114
I     839327      1115
I     527894      1116
I     156519      1117
I     468103      1118
I     428765      1119
I    1005890      1120
I      21444      1121
I     356743      1122
I    1015592      1123
I     845223      1124
I     612178      1125
I     409085      1126
I     121618      1127
I     806561      1128
I     208648      1129
I     805135      1130
I     780404      1131
I     982508      1132
I     853936      1133
I     978270      1134
I     237665      1135
I       5532      1136
I     534897      1137
I     313457      1138
I     762348      1139
I     159172      1140
I     942909      1141
I     617591      1142
I     384246      1143
I     541199      1144
I     394165      1145
I     599032      1146
I     679799      1147
I     635688      1148
I     812708      1149
I     448754      1150
I     357286      1151
I     893496      1152
I    1013822      1153
I     869021      1154
I     508579      1155
I     265334      1156
I     669618      1157
I     242037      1158
I     131620      1159
I     928102      1160
I     783765      1161
I     623168      1162
I     488990      1163
I     178342      1164
I     984378      1165
I     572537      1166
I     806602      1167
I     698199      1168
I     673799      1169
I     482387      1170
I     149844      1171
I       9326      1172
I     136397      1173
I      17987      1174
I     278953      1175
I     927767      1176
I     744876      1177
I     599381      1178
I     390192      1179
I     339249      1180
I     224839      1181
I     199198      1182
I     313071      1183
I     456596      1184
I     794810      1185
I     205939      1186
I     732292      1187
I     114263      1188
I     923347      1189
I     620872      1190
I     314333      1191
I     834162      1192
I       7125      1193
I     213615      1194
I     316958      1195
I     636951      1196
I     623711      1197
I     448431      1198
I     168853      1199
I     318582      1200
I     907549      1201
I     357075      1202
I     523527      1203
I     639894      1204
I     611807      1205
I     296530      1206
I     559811      1207
I     372124      1208
I     725333      1209
I     810879      1210
I     747308      1211
I     219983      1212
I     356281      1213
I      51683      1214
I     162849      1215
I     349631      1216
I      14402      1217
I     472784      1218
I     664326      1219
I     746900      1220
I    1001474      1221
I     771974      1222
I     945314      1223
I        594      1224
I      29392      1225
I      63890      1226
I    1035395      1227
I     610846      1228
I     837992      1229
I     332378      1230
I      78505      1231
I     332587      1232
I     108330      1233
I     464204      1234
I     330005      1235
I     241745      1236
I     160369      1237
I     803582      1238
I     487653      1239
I     478977      1240
I      55928      1241
I     745303      1242
I     124554      1243
I      15492      1244
I     447379      1245
I     953273      1246
I     904595      1247
I     238295      1248
I     945956      1249
I     108001      1250
I     331832      1251
I     716800      1252
I     934539      1253
I     512324      1254
I    1026130      1255
I     967710      1256
I     509681      1257
I     387684      1258
I     848382      1259
I      32769      1260
I     957813      1261
I     957681      1262
I     423766      1263
I     736507      1264
I     466030      1265
I     319879      1266
I      28508      1267
I     407487      1268
I     331494      1269
I     482394      1270
I     797483      1271
I     811313      1272
I     586618      1273
I     631016      1274
I     987371      1275
I     896605      1276
I     197083      1277
I     793755      1278
I     940487      1279
I     223542      1280
I     386818      1281
I     307838      1282
I     507611      1283
I     626503      1284
I     785385      1285
I     837717      1286
I     425650      1287
I     293673      1288
I     130005      1289
I     405412      1290
I     474868      1291
I      43327      1292
I     679482      1293
I     735994      1294
I       2306      1295
I      34712      1296
I     503929      1297
I     170454      1298
I     790893      1299
I     687155      1300
I     605039      1301
I     218335      1302
I     319252      1303
I     184887      1304
I     878623      1305
I     165620      1306
I     239037      1307
I      75051      1308
I      90449      1309
I     408982      1310
I     122004      1311
I      83128      1312
I     299592      1313
I     712380      1314
I     894133      1315
I     160909      1316
I     455620      1317
I    1036014      1318
I     815073      1319
I     926122      1320
I     175433      1321
I     792959      1322
I     823992      1323
I     156114      1324
I     399516      1325
I     408110      1326
I     249688      1327
I     211170      1328
I     648836      1329
I     127956      1330
I       3921      1331
I     523159      1332
I     204808      1333
I     929503      1334
I     784230      1335
I      57869      1336
I     640987      1337
I     438377      1338
I     615733      1339
I     536676      1340
I     805451      1341
I     173256      1342
I     145227      1343
I     426864      1344
I     759864      1345
I     848405      1346
I     100610      1347
I     569155      1348
I     810672      1349
I     385955      1350
I     952610      1351
I     904381      1352
I     935573      1353
I     213900      1354
I     431926      1355
I     146280      1356
I     351401      1357
I     617021      1358
I     644215      1359
I     909943      1360
I     722115      1361
I     887138      1362
I     615720      1363
I     909407      1364
I     761983      1365
I     186049      1366
I     376703      1367
I     997145      1368
I     736673      1369
I     977097      1370
I     422609      1371
I     978845      1372
I     714075      1373
I     300181      1374
I     185752      1375
I     132110      1376
I     906421      1377
I     251171      1378
I     797615      1379
I     862689      1380
I     976198      1381
I     565987      1382
I      46123      1383
I     620252      1384
I     248945      1385
I     351369      1386
I     823543      1387
I     966279      1388
I     853200      1389
I      12481      1390
I     790580      1391
I     960555      1392
I     489210      1393
I     668244      1394
I     348365      1395
I     392077      1396
I     702783      1397
I     895858      1398
I     356053      1399
I     163397      1400
I     628563      1401
I      88448      1402
I     653686      1403
I     193804      1404
I     481364      1405
I     448539      1406
I     999249      1407
I     507801      1408
I     545233      1409
I     544948      1410
I     661122      1411
I     118636      1412
I     418976      1413
I     163815      1414
I     941520      1415
I     131727      1416
I     966274      1417
I     480029      1418
I     294021      1419
I     855421      1420
I     762832      1421
I     151998      1422
I     544649      1423
I     996367      1424
I     207889      1425
I     777259      1426
I     922718      1427
I     841813      1428
I     429188      1429
I    1038698      1430
I     343572      1431
I     817984      1432
I     950353      1433
I     686475      1434
I     247040      1435
I     522612      1436
I     270690      1437
I     978594      1438
I     222536      1439
I     684663      1440
I     321190      1441
I     947873      1442
I     554444      1443
I     855835      1444
I      25188      1445
I     682999      1446
I      31013      1447
I     611275      1448
I     704638      1449
I     629458      1450
I     621023      1451
I     356315      1452
I     304192      1453
I     356138      1454
I     108484      1455
I     615640      1456
I     668756      1457
I     182832      1458
I     108232      1459
I     535236      1460
I     496832      1461
I     766250      1462
I     487237      1463
I     748903      1464
I     790916      1465
I     128811      1466
I     517918      1467
I     767988      1468
I     588374      1469
I     243598      1470
I    1028361      1471
I     316586      1472
I     602622      1473
I     913663      1474
I     557959      1475
I     384187      1476
I      99262      1477
I     440355      1478
I      11198      1479
I     851223      1480
I     729324      1481
I     512527      1482
I     556504      1483
I     143169      1484
I     316289      1485
I     364745      1486
I      46231      1487
I     244308      1488
I     781630      1489
I      81768      1490
I     601408      1491
I     890560      1492
I     522178      1493
I     661186      1494
I      55141      1495
I     757307      1496
I     280858      1497
I    1022741      1498
I     809219      1499
I     484999      1500
I     171123      1501
I     181283      1502
I      82130      1503
I     729696      1504
I     748811      1505
I     745830      1506
I     873431      1507
I     583460      1508
I      85869      1509
I     754839      1510
I       7734      1511
I     444199      1512
I      88924      1513
I       2959      1514
I     232164      1515
I      27908      1516
I     244329      1517
I     655599      1518
I     796286      1519
I     380168      1520
I     269718      1521
I     102188      1522
I     503151      1523
I    1038451      1524
I     295723      1525
I      28018      1526
I     154186      1527
I     935554      1528
I      86088      1529
I     441048      1530
I     679500      1531
I     711246      1532
I     178642      1533
I     946553      1534
I     113506      1535
I     463833      1536
I     801992      1537
I     152162      1538
I     379930      1539
I     622054      1540
I     639431      1541
I     150859      1542
I     647890      1543
I     820940      1544
I     646585      1545
I     580591      1546
I     919783      1547
I     124077      1548
I     155316      1549
I     629670      1550
I     893976      1551
I     376219      1552
I     405006      1553
I      22566      1554
I     516874      1555
I      22614      1556
I     280214      1557
I     464058      1558
I      65423      1559
I     220679      1560
I     348124      1561
I     556553      1562
I     515245      1563
I     178894      1564
I     186584      1565
I     563449      1566
I      42117      1567
I     994320      1568
I      78623      1569
I     968481      1570
I     278523      1571
I     743533      1572
I     234045      1573
I     272512      1574
I     930646      1575
I     330288      1576
I     576979      1577
I     480131      1578
I      63642      1579
I     647687      1580
I     691703      1581
I      18582      1582
I     588493      1583
I     947184      1584
I     731107      1585
I     979579      1586
I     452982      1587
I     739490      1588
I     680015      1589
I     931575      1590
I     293465      1591
I     462345      1592
I     212797      1593
I     500341      1594
I      53237      1595
I     833005      1596
I      52824      1597
I     209012      1598
I     945353      1599
I     526133      1600
I     179660      1601
I     928144      1602
I     902607      1603
I     718818      1604
I     199196      1605
I     804955      1606
I     838895      1607
I     688492      1608
I     590106      1609
I     278224      1610
I     405824      1611
I     727062      1612
I     631479      1613
I     679433      1614
I      63251      1615
I     641483      1616
I     191317      1617
I     121473      1618
I     704784      1619
I      10132      1620
I     723612      1621
I     803423      1622
I     272972      1623
I     997472      1624
I     484458      1625
I     214573      1626
I     314478      1627
I     525235      1628
I     909064      1629
I    1015882      1630
I     776594      1631
I     342859      1632
I     917280      1633
I     393732      1634
I     399935      1635
I     838086      1636
I     724762      1637
I     532614      1638
I     288587      1639
I     353711      1640
I     639423      1641
I    1047134      1642
I     604227      1643
I     993533      1644
I     395972      1645
I     563157      1646
I     801969      1647
I     341845      1648
I    1029184      1649
I     238505      1650
I     482317      1651
I     891647      1652
I     270582      1653
I     397670      1654
I     872485      1655
I     496323      1656
I     172931      1657
I     550090      1658
I      14725      1659
I     741222      1660
I     329750      1661
I     984763      1662
I     110232      1663
I      47864      1664
I     162020      1665
I     891573      1666
I     939516      1667
I     724734      1668
I     793225      1669
I     284539      1670
I     555880      1671
I     313512      1672
I     740148      1673
I     613157      1674
I     197324      1675
I      87331      1676
I     798188      1677
I     611300      1678
I     453545      1679
I     377228      1680
I     308705      1681
I     906728      1682
I     524711      1683
I     855558      1684
I     627342      1685
I      87707      1686
I     893640      1687
I     906450      1688
I     100450      1689
I     745637      1690
I     374163      1691
I     174537      1692
I    1013744      1693
I     649415      1694
I    1035646      1695
I      56518      1696
I    1035014      1697
I     952055      1698
I     947302      1699
I      66574      1700
I     311458      1701
I     664382      1702
I    1029700      1703
I     666280      1704
I     859718      1705
I     264057      1706
I      36340      1707
I     175068      1708
I     898568      1709
I     987478      1710
I     590997      1711
I     779009      1712
I     840489      1713
I     844610      1714
I     610655      1715
I     412236      1716
I     126745      1717
I      39792      1718
I     803216      1719
I      13651      1720
I     462562      1721
I     636818      1722
I     898994      1723
I     494683      1724
I     633292      1725
I     880775      1726
I     772693      1727
I     953615      1728
I     376476      1729
I     763151      1730
I     696311      1731
I     700346      1732
I     996193      1733
I     465096      1734
I     356660      1735
I     559217      1736
I     139461      1737
I     803903      1738
I     228252      1739
I      35262      1740
I     577980      1741
I     635812      1742
I     238299      1743
I     798392      1744
I     195966      1745
I     954568      1746
I     608256      1747
I     103792      1748
I     799188      1749
I     897028      1750
I     166835      1751
I       9501      1752
I     945083      1753
I     958105      1754
I     474716      1755
I     692064      1756
I    1026249      1757
I     102622      1758
I     828438      1759
I     184441      1760
I     168297      1761
I     646747      1762
I     249578      1763
I     581575      1764
I     125524      1765
I     854576      1766
I     183623      1767
I     690171      1768
I     415189      1769
I      57296      1770
I     347352      1771
I     428206      1772
I     798615      1773
I     217489      1774
I     282880      1775
I     336821      1776
I     152629      1777
I     387038      1778
I     261284      1779
I     353185      1780
I     552539      1781
I     940994      1782
I     755706      1783
I     773156      1784
I     865481      1785
I     565574      1786
I     467578      1787
I     167484      1788
I     697539      1789
I     922431      1790
I     428227      1791
I     187582      1792
I     214244      1793
I     597373      1794
I     634834      1795
I    1017785      1796
I     591414      1797
I     134000      1798
I     620175      1799
I    1026535      1800
I     169608      1801
I     937396      1802
I     213022      1803
I     194089      1804
I     923468      1805
I     876315      1806
I     287392      1807
I     871064      1808
I     159806      1809
I     411562      1810
I     835935      1811
I     820365      1812
I      76124      1813
I     447326      1814
I     966497      1815
I     279658      1816
I     956918      1817
I     499894      1818
I     818920      1819
I     236057      1820
I    1017050      1821
I     174679      1822
I      40664      1823
I     962403      1824
I     503884      1825
I     102323      1826
I     678855      1827
I     690627      1828
I     591853      1829
I     748105      1830
I     873528      1831
I     291233      1832
I     973962      1833
I     614168      1834
I     140219      1835
I     653514      1836
I     265955      1837
I      53164      1838
I      62041      1839
I     775891      1840
I     312273      1841
I     634214      1842
I     194500      1843
I     100623      1844
I     550460      1845
I     879689      1846
I     611328      1847
I     797218      1848
I     621138      1849
I     345037      1850
I      74351      1851
I     512183      1852
I      22766      1853
I     646616      1854
I     721823      1855
I     344146      1856
I     571827      1857
I     444416      1858
I     260870      1859
I      78818      1860
I     568007      1861
I     922382      1862
I     546283      1863
I     133689      1864
I     403500      1865
I     839433      1866
I      48156      1867
I     882288      1868
I      50176      1869
I      84644      1870
I     152142      1871
I     582934      1872
I     935598      1873
I     600854      1874
I     728270      1875
I     224826      1876
I     896860      1877
I    1044690      1878
I     676386      1879
I      92040      1880
I     458854      1881
I     951781      1882
I     573708      1883
I     934826      1884
I     736129      1885
I    1006220      1886
I     190332      1887
I     291951      1888
I     172494      1889
I     890726      1890
I      94130      1891
I     866174      1892
I     758109      1893
I     344108      1894
I     475708      1895
I     323585      1896
I     296903      1897
I     178616      1898
I     779381      1899
I     405903      1900
I     963661      1901
I     644137      1902
I     160502      1903
I     394631      1904
I     763321      1905
I      59478      1906
I     720142      1907
I     630794      1908
I     192792      1909
I     899061      1910
I     417886      1911
I     976134      1912
I     269307      1913
I     615426      1914
I     675513      1915
I     943777      1916
I     500653      1917
I      75701      1918
I     300189      1919
I     103731      1920
I     797229      1921
I      87089      1922
I     963577      1923
I     564894      1924
I     646338      1925
I     109587      1926
I     207915      1927
I     679599      1928
I     353724      1929
I     575834      1930
I     626349      1931
I    1031914      1932
I     553310      1933
I     604899      1934
I     803474      1935
I     564734      1936
I     117776      1937
I     434833      1938
I     674116      1939
I     109943      1940
I     298988      1941
I     869055      1942
I    1009901      1943
I     685050      1944
I      39448      1945
I      32605      1946
I    1001114      1947
I    1001437      1948
I     781096      1949
I     459821      1950
I     581795      1951
I     435106      1952
I     797783      1953
I     990303      1954
I     725567      1955
I     308738      1956
I      79850      1957
I     678014      1958
I     754164      1959
I     734127      1960
I     180722      1961
I     812446      1962
I      97512      1963
I     140397      1964
I     169230      1965
I     797454      1966
I     598238      1967
I     791309      1968
I     255485      1969
I     865114      1970
I     679827      1971
I     151951      1972
I    1046960      1973
I     268186      1974
I     418154      1975
I      45381      1976
I     516438      1977
I     548142      1978
I     668570      1979
I     751811      1980
I     715328      1981
I     864003      1982
I     611234      1983
I     225610      1984
I     588760      1985
I     450665      1986
I     216031      1987
I      17331      1988
I     695387      1989
I     438825      1990
I     793969      1991
I     700692      1992
I     692893      1993
I     315522      1994
I    1040259      1995
I     219802      1996
I     143273      1997
I     281831      1998
I     499202      1999
I     466297      2000
I     661725      2001
I     676449      2002
I     541556      2003
I     593704      2004
I     195243      2005
I     885934      2006
I     737697      2007
I      50563      2008
I     502470      2009
I     195342      2010
I     637262      2011
I     243184      2012
I     404614      2013
I     439629      2014
I     181518      2015
I     375227      2016
I     744500      2017
I     759689      2018
I      92928      2019
I     964604      2020
I     710368      2021
I     230617      2022
I     581374      2023
I      32247      2024
I     291553      2025
I     132173      2026
I     119511      2027
I     389049      2028
I     255655      2029
I     590192      2030
I     287688      2031
I     375898      2032
I     309102      2033
I     948135      2034
I     518777      2035
I     813318      2036
I    1009647      2037
I     272126      2038
I     317306      2039
I     854832      2040
I     217457      2041
I      90307      2042
I     971407      2043
I     137137      2044
I     892422      2045
I      11510      2046
I     823957      2047
F
D
F
D
F
D
F
D
F
D
F
D
F
D
F
D
F
D
F
D
F
D
F
D
F
D
F
D
F
D
F
D
F
D
F
D
F
D
F
D
F
D
F
D
F
D
F
D
F
D
F
D
F
D
F
D
F
D
F
D
F
D
F
D
F
D
F
D
F
D
F
D
F
D
F
D
F
D
F
D
F
D
F
D
F
D
F
D
F
D
F
D
F
D
F
D
F
D
F
D
F
D
F
D
F
D
F
D
F
D
F
D
F
D
F
D
F
D
F
D
F
D
F
D
F
D
F
D
F
D
F
D
F
D
F
D
F
D
F
D
F
D
F
D
F
D
F
D
F
D
F
D
F
D
F
D
F
D
F
D
F
D
F
D
F
D
F
D
F
D
F
D
F
D
F
D
F
D
F
D
F
D
F
D
F
D
F
D
F
D
F
D
F
D
F
D
F
D
F
D
F
D
F
D
F
D
F
D
F
D
F
D
F
D
F
D
F
D
F
D
F
D
F
D
F
D
F
D
F
D
F
D
F
D
F
D
F
D
F
D
F
D
F
D
F
D
F
D
F
D
F
D
F
D
F
D
F
D
F
D
F
D
F
D
F
D
F
D
F
D
F
D
F
D
F
D
F
D
F
D
F
D
F
D
F
D
F
D
F
D
F
D
F
D
F
D
F
D
F
D
F
D
F
D
F
D
F
D
F
D
F
D
F
D
F
D
F
D
F
D
F
D
F
D
F
D
F
D
F
D
F
D
F
D
F
D
F
D
F
D
F
D
F
D
F
D
F
D
F
D
F
D
F
D
F
D
F
D
F
D
F
D
F
D
F
D
F
D
F
D
F
D
F
D
F
D
F
D
F
D
F
D
F
D
F
D
F
D
F
D
F
D
F
D
F
D
F
D
F
D
F
D
F
D
F
D
F
D
F
D
F
D
F
D
F
D
F
D
F
D
F
D
F
D
F
D
F
D
F
D
F
D
F
D
F
D
F
D
F
D
F
D
F
D
F
D
F
D
F
D
F
D
F
D
F
D
F
D
F
D
F
D
F
D
F
D
F
D
F
D
F
D
F
D
F
D
F
D
F
D
F
D
F
D
F
D
F
D
F
D
F
D
F
D
F
D
F
D
F
D
F
D
F
D
F
D
F
D
F
D
F
D
F
D
F
D
F
D
F
D
F
D
F
D
F
D
F
D
F
D
F
D
F
D
F
D
F
D
F
D
F
D
F
D
F
D
F
D
F
D
F
D
F
D
F
D
F
D
F
D
F
D
F
D
F
D
F
D
F
D
F
D
F
D
F
D
F
D
F
D
F
D
F
D
F
D
F
D
F
D
F
D
F
D
F
D
F
D
F
D
F
D
F
D
F
D
F
D
F
D
F
D
F
D
F
D
F
D
F
D
F
D
F
D
F
D
F
D
F
D
F
D
F
D
F
D
F
D
F
D
F
D
F
D
F
D
F
D
F
D
F
D
F
D
F
D
F
D
F
D
F
D
F
D
F
D
F
D
F
D
F
D
F
D
F
D
F
D
F
D
F
D
F
D
F
D
F
D
F
D
F
D
F
D
F
D
F
D
F
D
F
D
F
D
F
D
F
D
F
D
F
D
F
D
F
D
F
D
F
D
F
D
F
D
F
D
F
D
F
D
F
D
F
D
F
D
F
D
F
D
F
D
F
D
F
D
F
D
F
D
F
D
F
D
F
D
F
D
F
D
F
D
F
D
F
D
F
D
F
D
F
D
F
D
F
D
F
D
F
D
F
D
F
D
F
D
F
D
F
D
F
D
F
D
F
D
F
D
F
D
F
D
F
D
F
D
F
D
F
D
F
D
F
D
F
D
F
D
F
D
F
D
F
D
F
D
F
D
F
D
F
D
F
D
F
D
F
D
F
D
F
D
F
D
F
D
F
D
F
D
F
D
F
D
F
D
F
D
F
D
F
D
F
D
F
D
F
D
F
D
F
D
F
D
F
D
F
D
F
D
F
D
F
D
F
D
F
D
F
D
F
D
F
D
F
D
F
D
F
D
F
D
F
D
F
D
F
D
F
D
F
D
F
D
F
D
F
D
F
D
F
D
F
D
F
D
F
D
F
D
F
D
F
D
F
D
F
D
F
D
F
D
F
D
F
D
F
D
F
D
F
D
F
D
F
D
F
D
F
D
F
D
F
D
F
D
F
D
F
D
F
D
F
D
F
D
F
D
F
D
F
D
F
D
F
D
F
D
F
D
F
D
F
D
F
D
F
D
F
D
F
D
F
D
F
D
F
D
F
D
F
D
F
D
F
D
F
D
F
D
F
D
F
D
F
D
F
D
F
D
F
D
F
D
F
D
F
D
F
D
F
D
F
D
F
D
F
D
F
D
F
D
F
D
F
D
F
D
F
D
F
D
F
D
F
D
F
D
F
D
F
D
F
D
F
D
F
D
F
D
F
D
F
D
F
D
F
D
F
D
F
D
F
D
F
D
F
D
F
D
F
D
F
D
F
D
F
D
F
D
F
D
F
D
F
D
F
D
F
D
F
D
F
D
F
D
F
D
F
D
F
D
F
D
F
D
F
D
F
D
F
D
F
D
F
D
F
D
F
D
F
D
F
D
F
D
F
D
F
D
F
D
F
D
F
D
F
D
F
D
F
D
F
D
F
D
F
D
F
D
F
D
F
D
F
D
F
D
F
D
F
D
F
D
F
D
F
D
F
D
F
D
F
D
F
D
F
D
F
D
F
D
F
D
F
D
F
D
F
D
F
D
F
D
F
D
F
D
F
D
F
D
F
D
F
D
F
D
F
D
F
D
F
D
F
D
F
D
F
D
F
D
F
D
F
D
F
D
F
D
F
D
F
D
F
D
F
D
F
D
F
D
F
D
F
D
F
D
F
D
F
D
F
D
F
D
F
D
F
D
F
D
F
D
F
D
F
D
F
D
F
D
F
D
F
D
F
D
F
D
F
D
F
D
F
D
F
D
F
D
F
D
F
D
F
D
F
D
F
D
F
D
F
D
F
D
F
D
F
D
F
D
F
D
F
D
F
D
F
D
F
D
F
D
F
D
F
D
F
D
F
D
F
D
F
D
F
D
F
D
F
D
F
D
F
D
F
D
F
D
F
D
F
D
F
D
F
D
F
D
F
D
F
D
F
D
F
D
F
D
F
D
F
D
F
D
F
D
F
D
F
D
F
D
F
D
F
D
F
D
F
D
F
D
F
D
F
D
F
D
F
D
F
D
F
D
F
D
F
D
F
D
F
D
F
D
F
D
F
D
F
D
F
D
F
D
F
D
F
D
F
D
F
D
F
D
F
D
F
D
F
D
F
D
F
D
F
D
F
D
F
D
F
D
F
D
F
D
F
D
F
D
F
D
F
D
F
D
F
D
F
D
F
D
F
D
F
D
F
D
F
D
F
D
F
D
F
D
F
D
F
D
F
D
F
D
F
D
F
D
F
D
F
D
F
D
F
D
F
D
F
D
F
D
F
D
F
D
F
D
F
D
F
D
F
D
F
D
F
D
F
D
F
D
F
D
F
D
F
D
F
D
F
D
F
D
F
D
F
D
F
D
F
D
F
D
F
D
F
D
F
D
F
D
F
D
F
D
F
D
F
D
F
D
F
D
F
D
F
D
F
D
F
D
F
D
F
D
F
D
F
D
F
D
F
D
F
D
F
D
F
D
F
D
F
D
F
D
F
D
F
D
F
D
F
D
F
D
F
D
F
D
F
D
F
D
F
D
F
D
F
D
F
D
F
D
F
D
F
D
F
D
F
D
F
D
F
D
F
D
F
D
F
D
F
D
F
D
F
D
F
D
F
D
F
D
F
D
F
D
F
D
F
D
F
D
F
D
F
D
F
D
F
D
F
D
F
D
F
D
F
D
F
D
F
D
F
D
F
D
F
D
F
D
F
D
F
D
F
D
F
D
F
D
F
D
F
D
F
D
F
D
F
D
F
D
F
D
F
D
F
D
F
D
F
D
F
D
F
D
F
D
F
D
F
D
F
D
F
D
F
D
F
D
F
D
F
D
F
D
F
D
F
D
F
D
F
D
F
D
F
D
F
D
F
D
F
D
F
D
F
D
F
D
F
D
F
D
F
D
F
D
F
D
F
D
F
D
F
D
F
D
F
D
F
D
F
D
F
D
F
D
F
D
F
D
F
D
F
D
F
D
F
D
F
D
F
D
F
D
F
D
F
D
F
D
F
D
F
D
F
D
F
D
F
D
F
D
F
D
F
D
F
D
F
D
F
D
F
D
F
D
F
D
F
D
F
D
F
D
F
D
F
D
F
D
F
D
F
D
F
D
F
D
F
D
F
D
F
D
F
D
F
D
F
D
F
D
F
D
F
D
F
D
F
D
F
D
F
D
F
D
F
D
F
D
F
D
F
D
F
D
F
D
F
D
F
D
F
D
F
D
F
D
F
D
F
D
F
D
F
D
F
D
F
D
F
D
F
D
F
D
F
D
F
D
F
D
F
D
F
D
F
D
F
D
F
D
F
D
F
D
F
D
F
D
F
D
F
D
F
D
F
D
F
D
F
D
F
D
F
D
F
D
F
D
F
D
F
D
F
D
F
D
F
D
F
D
F
D
F
D
F
D
F
D
F
D
F
D
F
D
F
D
F
D
F
D
F
D
F
D
F
D
F
D
F
D
F
D
F
D
F
D
F
D
F
D
F
D
F
D
F
D
F
D
F
D
F
D
F
D
F
D
F
D
F
D
F
D
F
D
F
D
F
D
F
D
F
D
F
D
F
D
F
D
F
D
F
D
F
D
F
D
F
D
F
D
F
D
F
D
F
D
F
D
F
D
F
D
F
D
F
D
F
D
F
D
F
D
F
D
F
D
F
D
F
D
F
D
F
D
F
D
F
D
F
D
F
D
F
D
F
D
F
D
F
D
F
D
F
D
F
D
F
D
F
D
F
D
F
D
F
D
F
D
F
D
F
D
F
D
F
D
F
D
F
D
F
D
F
D
F
D
F
D
F
D
F
D
F
D
F
D
F
D
F
D
F
D
F
D
F
D
F
D
F
D
F
D
F
D
F
D
F
D
F
D
F
D
F
D
F
D
F
D
F
D
F
D
F
D
F
D
F
D
F
D
F
D
F
D
F
D
F
D
F
D
F
D
F
D
F
D
F
D
F
D
F
D
F
D
F
D
F
D
F
D
F
D
F
D
F
D
F
D
F
D
F
D
F
D
F
D
F
D
F
D
F
D
F
D
F
D
F
D
F
D
F
D
F
D
F
D
F
D
F
D
F
D
F
D
F
D
F
D
F
D
F
D
F
D
F
D
F
D
F
D
F
D
F
D
F
D
F
D
F
D
F
D
F
D
F
D
F
D
F
D
F
D
F
D
F
D
F
D
F
D
F
D
F
D
F
D
F
D
F
D
F
D
F
D
F
D
F
D
F
D
F
D
F
D
F
D
F
D
F
D
F
D
F
D
F
D
F
D
F
D
F
D
F
D
F
D
F
D
F
D
F
D
F
D
F
D
F
D
F
D
F
D
F
D
F
D
F
D
F
D
F
D
F
D
F
D
F
D
F
D
F
D
F
D
F
D
F
D
F
D
F
D
F
D
F
D
F
D
F
D
F
D
F
D
F
D
F
D
F
D
F
D
F
D
F
D
F
D
F
D
F
D
F
D
F
D
F
D
F
D
F
D
F
D
F
D
F
D
F
D
F
D
F
D
F
D
F
D
F
D
F
D
F
D
F
D
F
D
F
D
F
D
F
D
F
D
F
D
F
D
F
D
F
D
F
D
F
D
F
D
F
D
F
D
F
D
F
D
F
D
F
D
F
D
F
D
F
D
F
D
F
D
F
D
F
D
F
D
F
D
F
D
F
D
F
D
F
D
F
D
F
D
F
D
F
D
F
D
F
D
F
D
F
D
F
D
F
D
F
D
F
D
F
D
F
D
F
D
F
D
F
D
F
D
F
D
F
D
F
D
F
D
F
D
F
D
F
D
F
D
F
D
F
D
F
D
F
D
F
D
F
D
F
D
F
D
F
D
F
D
F
D
F
D
F
D
F
D
F
D
F
D
F
D
F
D
F
D
F
D
F
D
F
D
F
D
F
D
F
D
F
D
F
D
F
D
F
D
F
D
F
D
F
D
F
D
F
D
F
D
F
D
F
D
F
D
F
D
F
D
F
D
F
D
F
D
F
D
F
D
F
D
F
D
F
D
F
D
F
D
F
D
F
D
F
D
F
D
F
D
F
D
F
D
F
D
F
D
F
D
F
D
F
D
F
D
F
D
F
D
F
D
F
D
F
D
F
D
F
D
F
D
F
D
F
D
F
D
F
D
F
D
F
D
F
D
F
D
F
D
F
D
F
D
F
D
F
D
F
D
F
D
F
D
F
D
F
D
F
D
F
D
F
D
F
D
F
D
F
D
F
D
F
D
F
D
F
D
F
D
F
D
F
D
F
D
F
D
F
D
F
D
F
D
F
D
F
D
F
D
F
D
F
D
F
D
F
D
F
D
F
D
F
D
F
D
F
D
F
D
F
D
F
D
F
D
F
D
F
D
F
D
F
D
F
D
F
D
F
D
F
D
F
D
F
D
F
D
F
D
F
D
F
D
F
D
F
D
F
D
F
D
F
D
F
D
F
D
F
D
F
D
F
D
F
D
F
D
F
D
F
D
F
D
F
D
F
D
F
D
F
D
F
D
F
D
F
D
F
D
F
D
F
D
F
D
F
D
F
D
F
D
F
D
F
D
F
D
F
D
F
D
F
D
F
D
F
D
F
D
F
D
F
D
F
D
F
D
F
D
F
D
F
D
F
D
F
D
F
D
F
D
F
D
F
D
F
D
F
D
F
D
F
D
F
D
F
D
F
D
F
D
F
D
F
D
F
D
F
D
F
D
F
D
F
D
F
D
F
D
F
D
F
D
F
D
F
D
F
D
F
D
F
D
F
D
F
D
F
D
F
D
F
D
F
D
F
D
F
D
F
D
F
D
F
D
F
D
F
D
F
D
F
D
F
D
F
D
F
D
F
D
F
D
F
D
F
D
F
D
F
D
F
D
F
D
F
D
F
D
F
D
F
D
F
D
F
D
F
D
F
D
F
D
F
D
F
D
F
D
F
D
F
D
F
D
F
D
F
D
F
D
F
D
F
D
F
D
F
D
F
D
F
D
F
D
F
D
F
D
F
D
F
D
F
D
F
D
F
D
F
D
F
D
F
D
F
D
F
D
F
D
F
D
F
D
F
D
F
D
F
D
F
D
F
D
F
D
F
D
F
D
F
D
F
D
F
D
F
D
F
D
F
D
F
D
F
D
F
D
F
D
F
D
F
D
F
D
F
D
F
D
F
D
F
D
F
D
F
D
F
D
F
D
F
D
F
D
F
D
F
D
F
D
F
D
F
D
F
D
F
D
F
D
F
D
F
D
F
D
F
D
F
D
F
D
F
D
F
D
F
D
F
D
F
D
F
D
F
D
F
D
F
D
F
D
F
D
F
D
F
D
F
D
F
D
F
D
F
D
F
D
F
D
F
D
F
D
F
D
F
D
F
D
F
D
F
D
F
D
F
D
F
D
F
D
F
D
F
D
F
D
F
D
F
D
F
D
F
D
F
D
F
D
F
D
F
D
F
D
F
D
F
D
F
D
F
D
F
D
F
D
F
D
F
D
F
D
F
D
F
D
F
D
F
D
F
D
F
D
F
D
F
D
F
D
F
D
F
D
F
D
F
D
F
D
F
D
F
D
F
D
F
D
F
D
F
D
F
D
F
D
F
D
F
D
F
D
F
D
F
D
F
D
F
D
F
D
F
D
F
D
F
D
F
D
F
D
F
D
F
D
F
D
F
D
F
D
F
D
F
D
F
D
F
D
F
D
F
D
F
D
F
D
F
D
F
D
F
D
F
D
F
D
F
D
F
D
F
D
F
D
F
D
F
D
F
D
F
D
F
D
F
D
F
D
F
D
F
D
F
D
F
D
F
D
F
D
F
D
F
D
F
D
F
D
F
D
F
D
F
D
F
D
F
D
F
D
F
D
F
D
F
D
F
D
F
D
F
D
F
D
F
D
F
D
F
D
F
D
F
D
F
D
F
D
F
D
F
D
F
D
F
D
F
D
F
D
F
D
F
D
F
D
F
D
F
D
F
D
F
D
F
D
F
D
F
D
F
D
F
D
F
D
F
D
F
D
F
D
F
D
F
D
F
D
F
D
F
D
F
D
F
D
F
D
F
D
F
D
F
D
F
D
F
D
F
D
F
D
F
D
F
D
F
D
F
D
F
D
F
D
F
D
F
D
F
D
F
D
F
D
F
D
F
D
F
D
F
D
F
D
F
D
F
D
F
D
F
D
F
D
F
D
F
D
F
D
F
D
F
D
F
D
F
D
F
D
F
D
F
D
F
D
F
D
F
D
F
D
F
D
F
D
F
D
F
D
F
D
F
D
F
D
F
D
F
D
F
D
F
D
F
D
F
D
F
D
F
D
F
D
F
D
F
D
F
D
F
D
F
D
F
D
F
D
F
D
F
D
F
D
F
D
F
D
F
D
F
D
F
D
F
D
F
D
F
D
F
D
F
D
F
D
F
D
F
D
F
D
F
D
F
D
F
D
F
D
F
D
F
D
F
D
F
D
F
D
F
D
F
D
F
D
F
D
F
D
F
D
F
D
F
D
F
D
F
D
F
D
F
D
F
D
F
D
F
D
F
D
F
D
F
D
F
D
F
D
F
D
F
D
F
D
F
D
F
D
F
D
F
D
F
D
F
D
F
D
F
D
F
D
F
D
F
D
F
D
F
D
F
D
F
D
F
D
F
D
F
D
F
D
F
D
F
D
F
D
F
D
F
D
F
D
F
D
F
D
F
D
F
D
F
D
F
D
F
D
F
D
F
D
F
D
F
D
F
D
F
D
F
D
F
D
F
D
F
D
F
D
F
D
F
D
F
D
F
D
F
D
F
D
F
D
F
D
F
D
F
D
F
D
F
D
F
D
F
D
F
D
F
D
F
D
F
D
F
D
F
D
F
D
F
D
F
D
F
D
F
D
F
D
F
D
F
D
F
D
F
D
F
D
F
D
F
D
F
D
F
D
F
D
F
D
F
D
F
D
F
D
F
D
F
D
F
D
F
D
F
D
F
D
F
D
F
D
F
D
F
D
F
D
F
D
F
D
F
D
F
D
F
D
F
D
F
D
F
D
F
D
F
D
F
D
F
D
F
D
